<?xml version="1.0" encoding="UTF-8"?>
<testsuite xmlns:xsi="http://www.w3.org/2001/XMLSchema-instance" xsi:noNamespaceSchemaLocation="https://maven.apache.org/surefire/maven-surefire-plugin/xsd/surefire-test-report.xsd" name="com.itheima.SpringbootMybatisCrudApplicationTests" time="2.825" tests="7" errors="0" skipped="0" failures="0">
  <properties>
[...]
</properties>
  <testcase name="delete" classname="com.itheima.SpringbootMybatisCrudApplicationTests" time="0.76"/>
  <testcase name="testSelectAll" classname="com.itheima.SpringbootMybatisCrudApplicationTests" time="0.041"/>
  <testcase name="test" classname="com.itheima.SpringbootMybatisCrudApplicationTests" time="0.004"/>
  <testcase name="testInsert" classname="com.itheima.SpringbootMybatisCrudApplicationTests" time="0.062"/>
  <testcase name="testSelect" classname="com.itheima.SpringbootMybatisCrudApplicationTests" time="0.006"/>
  <testcase name="testUpdate" classname="com.itheima.SpringbootMybatisCrudApplicationTests" time="0.016"/>
  <testcase name="testUpdate02" classname="com.itheima.SpringbootMybatisCrudApplicationTests" time="0.016"/>
</testsuite>